Running: D:\Downloads\14.7\ISE_DS\ISE\bin\nt64\unwrapped\fuse.exe -intstyle ise -incremental -lib secureip -o D:/ASU/Sophomore/Spring 2022/Computer Organization and Architecture CSE112/Labs/Phase1.1/test1_isim_beh.exe -prj D:/ASU/Sophomore/Spring 2022/Computer Organization and Architecture CSE112/Labs/Phase1.1/test1_beh.prj work.test1 
ISim P.20131013 (signature 0x7708f090)
Number of CPUs detected in this system: 8
Turning on mult-threading, number of parallel sub-compilation jobs: 16 
Determining compilation order of HDL files
Parsing VHDL file "D:/ASU/Sophomore/Spring 2022/Computer Organization and Architecture CSE112/Labs/Phase1.1/Reg.vhd" into library work
Parsing VHDL file "D:/ASU/Sophomore/Spring 2022/Computer Organization and Architecture CSE112/Labs/Phase1.1/myPackage.vhd" into library work
Parsing VHDL file "D:/ASU/Sophomore/Spring 2022/Computer Organization and Architecture CSE112/Labs/Phase1.1/Mux.vhd" into library work
Parsing VHDL file "D:/ASU/Sophomore/Spring 2022/Computer Organization and Architecture CSE112/Labs/Phase1.1/decoder.vhd" into library work
Parsing VHDL file "D:/ASU/Sophomore/Spring 2022/Computer Organization and Architecture CSE112/Labs/Phase1.1/RegisterFile.vhd" into library work
Parsing VHDL file "D:/ASU/Sophomore/Spring 2022/Computer Organization and Architecture CSE112/Labs/Phase1.1/test1.vhd" into library work
Starting static elaboration
Completed static elaboration
Compiling package standard
Compiling package std_logic_1164
Compiling package mypackage
Compiling package numeric_std
Compiling architecture behavioral of entity decoder [decoder_default]
Compiling architecture behavioral of entity Reg [reg_default]
Compiling architecture behavioral of entity Mux [mux_default]
Compiling architecture behavioral of entity RegisterFile [registerfile_default]
Compiling architecture behavior of entity test1
Time Resolution for simulation is 1ps.
Waiting for 1 sub-compilation(s) to finish...
WARNING:Simulator - Unable to copy libPortabilityNOSH.dll to the simulation executable directory: boost::filesystem::copy_file: The system cannot find the path specified, "isim\test1_isim_beh.exe.sim\libPortability.dll".
Compiled 13 VHDL Units
Built simulation executable D:/ASU/Sophomore/Spring 2022/Computer Organization and Architecture CSE112/Labs/Phase1.1/test1_isim_beh.exe
Fuse Memory Usage: 36324 KB
Fuse CPU Usage: 546 ms
